<?xml version="1.0" encoding="UTF-8"?>
<!-- Generated by org.testng.reporters.JUnitReportReporter -->
<testsuite hostname="RAYAN" failures="0" tests="1" name="TestRunner.runnerClass" time="9.351" errors="0" timestamp="2023-09-15T19:22:46 EDT" skipped="0">
  <testcase classname="TestRunner.runnerClass" name="feature" time="9.351"/>
</testsuite> <!-- TestRunner.runnerClass -->
